C:\USERS\DIANA\DOCUMENTS\VISUAL STUDIO 2012\PROJECTS\DYNAMICLIBRARY\OLSR_GAMMA\DEBUG\OLSR_GAMMA.PCH
C:\USERS\DIANA\DOCUMENTS\VISUAL STUDIO 2012\PROJECTS\DYNAMICLIBRARY\OLSR_GAMMA\DEBUG\STDAFX.OBJ
C:\USERS\DIANA\DOCUMENTS\VISUAL STUDIO 2012\PROJECTS\DYNAMICLIBRARY\OLSR_GAMMA\DEBUG\VC110.PDB
C:\USERS\DIANA\DOCUMENTS\VISUAL STUDIO 2012\PROJECTS\DYNAMICLIBRARY\OLSR_GAMMA\DEBUG\DLLMAIN.OBJ
C:\USERS\DIANA\DOCUMENTS\VISUAL STUDIO 2012\PROJECTS\DYNAMICLIBRARY\OLSR_GAMMA\DEBUG\OLSR_GAMMA.OBJ
C:\USERS\DIANA\DOCUMENTS\VISUAL STUDIO 2012\PROJECTS\DYNAMICLIBRARY\DEBUG\OLSR_GAMMA.ILK
C:\USERS\DIANA\DOCUMENTS\VISUAL STUDIO 2012\PROJECTS\DYNAMICLIBRARY\DEBUG\OLSR_GAMMA.DLL
C:\USERS\DIANA\DOCUMENTS\VISUAL STUDIO 2012\PROJECTS\DYNAMICLIBRARY\DEBUG\OLSR_GAMMA.PDB
C:\Users\Diana\Documents\Visual Studio 2012\Projects\DynamicLibrary\Debug\Olsr_gamma.lib
C:\Users\Diana\Documents\Visual Studio 2012\Projects\DynamicLibrary\Debug\Olsr_gamma.exp
C:\Users\Diana\Documents\Visual Studio 2012\Projects\DynamicLibrary\Olsr_gamma\Debug\dllmain.obj
C:\Users\Diana\Documents\Visual Studio 2012\Projects\DynamicLibrary\Olsr_gamma\Debug\Olsr_gamma.obj
C:\Users\Diana\Documents\Visual Studio 2012\Projects\DynamicLibrary\Olsr_gamma\Debug\stdafx.obj
C:\Users\Diana\Documents\Visual Studio 2012\Projects\DynamicLibrary\Olsr_gamma\Debug\cl.command.1.tlog
C:\Users\Diana\Documents\Visual Studio 2012\Projects\DynamicLibrary\Olsr_gamma\Debug\CL.read.1.tlog
C:\Users\Diana\Documents\Visual Studio 2012\Projects\DynamicLibrary\Olsr_gamma\Debug\CL.write.1.tlog
C:\Users\Diana\Documents\Visual Studio 2012\Projects\DynamicLibrary\Olsr_gamma\Debug\link-cvtres.read.1.tlog
C:\Users\Diana\Documents\Visual Studio 2012\Projects\DynamicLibrary\Olsr_gamma\Debug\link-cvtres.write.1.tlog
C:\Users\Diana\Documents\Visual Studio 2012\Projects\DynamicLibrary\Olsr_gamma\Debug\link-rc.read.1.tlog
C:\Users\Diana\Documents\Visual Studio 2012\Projects\DynamicLibrary\Olsr_gamma\Debug\link-rc.write.1.tlog
C:\Users\Diana\Documents\Visual Studio 2012\Projects\DynamicLibrary\Olsr_gamma\Debug\link.576-cvtres.read.1.tlog
C:\Users\Diana\Documents\Visual Studio 2012\Projects\DynamicLibrary\Olsr_gamma\Debug\link.576-cvtres.write.1.tlog
C:\Users\Diana\Documents\Visual Studio 2012\Projects\DynamicLibrary\Olsr_gamma\Debug\link.576-rc.read.1.tlog
C:\Users\Diana\Documents\Visual Studio 2012\Projects\DynamicLibrary\Olsr_gamma\Debug\link.576-rc.write.1.tlog
C:\Users\Diana\Documents\Visual Studio 2012\Projects\DynamicLibrary\Olsr_gamma\Debug\link.576.read.1.tlog
C:\Users\Diana\Documents\Visual Studio 2012\Projects\DynamicLibrary\Olsr_gamma\Debug\link.576.write.1.tlog
C:\Users\Diana\Documents\Visual Studio 2012\Projects\DynamicLibrary\Olsr_gamma\Debug\link.command.1.tlog
C:\Users\Diana\Documents\Visual Studio 2012\Projects\DynamicLibrary\Olsr_gamma\Debug\link.read.1.tlog
C:\Users\Diana\Documents\Visual Studio 2012\Projects\DynamicLibrary\Olsr_gamma\Debug\link.write.1.tlog
C:\Users\Diana\Documents\Visual Studio 2012\Projects\DynamicLibrary\Olsr_gamma\Debug\Olsr_gamma.write.1.tlog
C:\Users\Diana\Documents\Visual Studio 2012\Projects\DynamicLibrary\Olsr_gamma\Debug\Olsr_gamma.pch
C:\Users\Diana\Documents\Visual Studio 2012\Projects\DynamicLibrary\Olsr_gamma\Debug\vc110.idb
C:\Users\Diana\Documents\Visual Studio 2012\Projects\DynamicLibrary\Olsr_gamma\Debug\vc110.pdb
C:\Users\Diana\Documents\Visual Studio 2012\Projects\DynamicLibrary\Debug\Olsr_gamma.pdb
C:\Users\Diana\Documents\Visual Studio 2012\Projects\DynamicLibrary\Debug\Olsr_gamma.dll
C:\Users\Diana\Documents\Visual Studio 2012\Projects\DynamicLibrary\Debug\Olsr_gamma.ilk
